Scheduler setup [Done]
Multiboot Verified
Ramdisk loaded at:1196032
Window Created [ conhost ]
Created Porcess [kernel_stage2]
New FS node mountedfile opened: bf.exe
file closed: bf.exe
file opened: code.bf
file closed: code.bf
file opened: gnome.exe
file closed: gnome.exe
file opened: unifont.bin
file closed: unifont.bin
file opened: car.gnm
file closed: car.gnm
file opened: sw.exe
file closed: sw.exe
file opened: cmd.exe
file closed: cmd.exe
file opened: cat.exe
file closed: cat.exe
file opened: imv.exe
file closed: imv.exe
file opened: icon.bmp
file closed: icon.bmp
file opened: unifont.bin
file closed: unifont.bin
file opened: icon.bmp
file closed: icon.bmp
file opened: cmd.exe
file closed: cmd.exe
Created Porcess [cmd.exe]
file opened: imv.exe
file closed: imv.exe
Created Porcess [imv.exe]
file opened: icon.bmp
file closed: icon.bmp
Window Created [ Image Viewer: icon.bmp ]
